2025-04-15 02:26:24,138 - INFO - Starting AUST notice scraping process...
2025-04-15 02:26:24,138 - INFO - Local time: 2025-04-15 02:26:24  (Timezone Offset: UTC+06:00)
2025-04-15 02:26:25,199 - INFO - New content detected, will process notices
2025-04-15 02:26:25,199 - INFO - Fetching notices from https://aust.edu/notice
2025-04-15 02:26:26,236 - INFO - Successfully fetched page. Status code: 200
2025-04-15 02:26:26,236 - INFO - Parsing HTML content using lxml...
2025-04-15 02:26:26,274 - INFO - Looking for notice elements using selector: 'div.card-info'
2025-04-15 02:26:26,279 - INFO - Found 36 potential notice elements.
2025-04-15 02:26:26,280 - INFO -   Assembled date string: 'Apr 12 2025' for title 'Notice regarding examination of 13 April 2025'
2025-04-15 02:26:26,283 - INFO -     Successfully parsed date: 2025-04-11 18:00:00+00:00
2025-04-15 02:26:26,283 - INFO -   -> Found notice: Title='Notice regarding examination of 13 April 2025', Link='https://aust.edu/notice/2816', Date='2025-04-11 18:00:00+00:00', GUID='https://aust.edu/notice/2816'
2025-04-15 02:26:26,284 - INFO -   Assembled date string: 'Apr 10 2025' for title 'Notification (Participation of guests in convocation ceremon...'
2025-04-15 02:26:26,284 - INFO -     Successfully parsed date: 2025-04-09 18:00:00+00:00
2025-04-15 02:26:26,284 - INFO -   -> Found notice: Title='Notification (Participation of guests in convocation ceremon...', Link='https://aust.edu/notice/2815', Date='2025-04-09 18:00:00+00:00', GUID='https://aust.edu/notice/2815'
2025-04-15 02:26:26,285 - INFO -   Assembled date string: 'Apr 10 2025' for title 'Notification (Original Certificates)'
2025-04-15 02:26:26,285 - INFO -     Successfully parsed date: 2025-04-09 18:00:00+00:00
2025-04-15 02:26:26,285 - INFO -   -> Found notice: Title='Notification (Original Certificates)', Link='https://aust.edu/notice/2814', Date='2025-04-09 18:00:00+00:00', GUID='https://aust.edu/notice/2814'
2025-04-15 02:26:26,286 - INFO -   Assembled date string: 'Apr 09 2025' for title 'Notice (Benglai New Year's Day)'
2025-04-15 02:26:26,286 - INFO -     Successfully parsed date: 2025-04-08 18:00:00+00:00
2025-04-15 02:26:26,286 - INFO -   -> Found notice: Title='Notice (Benglai New Year's Day)', Link='https://aust.edu/notice/2813', Date='2025-04-08 18:00:00+00:00', GUID='https://aust.edu/notice/2813'
2025-04-15 02:26:26,286 - INFO -   Assembled date string: 'Apr 08 2025' for title 'Sitting Arrangement of the semester final exam of Spring 202...'
2025-04-15 02:26:26,287 - INFO -     Successfully parsed date: 2025-04-07 18:00:00+00:00
2025-04-15 02:26:26,287 - INFO -   -> Found notice: Title='Sitting Arrangement of the semester final exam of Spring 202...', Link='https://aust.edu/notice/2812', Date='2025-04-07 18:00:00+00:00', GUID='https://aust.edu/notice/2812'
2025-04-15 02:26:26,287 - INFO -   Assembled date string: 'Apr 07 2025' for title 'Revised Routine for Semester Final Examination (MBA/EMBA): S...'
2025-04-15 02:26:26,287 - INFO -     Successfully parsed date: 2025-04-06 18:00:00+00:00
2025-04-15 02:26:26,288 - INFO -   -> Found notice: Title='Revised Routine for Semester Final Examination (MBA/EMBA): S...', Link='https://aust.edu/notice/2811', Date='2025-04-06 18:00:00+00:00', GUID='https://aust.edu/notice/2811'
2025-04-15 02:26:26,288 - INFO -   Assembled date string: 'Apr 07 2025' for title 'NOTICE  (Rescheduling of Semester Final Exam dates)'
2025-04-15 02:26:26,288 - INFO -     Successfully parsed date: 2025-04-06 18:00:00+00:00
2025-04-15 02:26:26,290 - INFO -   -> Found notice: Title='NOTICE  (Rescheduling of Semester Final Exam dates)', Link='https://aust.edu/notice/2810', Date='2025-04-06 18:00:00+00:00', GUID='https://aust.edu/notice/2810'
2025-04-15 02:26:26,290 - INFO -   Assembled date string: 'Apr 06 2025' for title 'OFFICE ORDER - Head (In-charge)'
2025-04-15 02:26:26,290 - INFO -     Successfully parsed date: 2025-04-05 18:00:00+00:00
2025-04-15 02:26:26,291 - INFO -   -> Found notice: Title='OFFICE ORDER - Head (In-charge)', Link='https://aust.edu/notice/2809', Date='2025-04-05 18:00:00+00:00', GUID='https://aust.edu/notice/2809'
2025-04-15 02:26:26,291 - INFO -   Assembled date string: 'Apr 06 2025' for title 'OFFICE ORDER - Dean (In-charge), Faculty of Architecture and...'
2025-04-15 02:26:26,291 - INFO -     Successfully parsed date: 2025-04-05 18:00:00+00:00
2025-04-15 02:26:26,292 - INFO -   -> Found notice: Title='OFFICE ORDER - Dean (In-charge), Faculty of Architecture and...', Link='https://aust.edu/notice/2808', Date='2025-04-05 18:00:00+00:00', GUID='https://aust.edu/notice/2808'
2025-04-15 02:26:26,292 - INFO -   Assembled date string: 'Mar 25 2025' for title 'Graduate Notification: Bachelor of Science in Mechanical Eng...'
2025-04-15 02:26:26,292 - INFO -     Successfully parsed date: 2025-03-24 18:00:00+00:00
2025-04-15 02:26:26,292 - INFO -   -> Found notice: Title='Graduate Notification: Bachelor of Science in Mechanical Eng...', Link='https://aust.edu/notice/2807', Date='2025-03-24 18:00:00+00:00', GUID='https://aust.edu/notice/2807'
2025-04-15 02:26:26,293 - INFO -   Assembled date string: 'Mar 25 2025' for title 'Graduate Notification: Bachelor of Science in Industrial and...'
2025-04-15 02:26:26,293 - INFO -     Successfully parsed date: 2025-03-24 18:00:00+00:00
2025-04-15 02:26:26,293 - INFO -   -> Found notice: Title='Graduate Notification: Bachelor of Science in Industrial and...', Link='https://aust.edu/notice/2806', Date='2025-03-24 18:00:00+00:00', GUID='https://aust.edu/notice/2806'
2025-04-15 02:26:26,294 - INFO -   Assembled date string: 'Mar 24 2025' for title 'Graduate Notification: Bachelor of Business Administration,...'
2025-04-15 02:26:26,294 - INFO -     Successfully parsed date: 2025-03-23 18:00:00+00:00
2025-04-15 02:26:26,294 - INFO -   -> Found notice: Title='Graduate Notification: Bachelor of Business Administration,...', Link='https://aust.edu/notice/2801', Date='2025-03-23 18:00:00+00:00', GUID='https://aust.edu/notice/2801'
2025-04-15 02:26:26,295 - INFO -   Assembled date string: 'Mar 20 2025' for title 'Routine for Semester Final Examination (MBA/EMBA): Spring 20...'
2025-04-15 02:26:26,295 - INFO -     Successfully parsed date: 2025-03-19 18:00:00+00:00
2025-04-15 02:26:26,295 - INFO -   -> Found notice: Title='Routine for Semester Final Examination (MBA/EMBA): Spring 20...', Link='https://aust.edu/notice/2798', Date='2025-03-19 18:00:00+00:00', GUID='https://aust.edu/notice/2798'
2025-04-15 02:26:26,296 - INFO -   Assembled date string: 'Mar 18 2025' for title 'Notification - Tuition Award (Sponsor Organization)'
2025-04-15 02:26:26,296 - INFO -     Successfully parsed date: 2025-03-17 18:00:00+00:00
2025-04-15 02:26:26,296 - INFO -   -> Found notice: Title='Notification - Tuition Award (Sponsor Organization)', Link='https://aust.edu/notice/2785', Date='2025-03-17 18:00:00+00:00', GUID='https://aust.edu/notice/2785'
2025-04-15 02:26:26,297 - INFO -   Assembled date string: 'Mar 13 2025' for title 'Notification - Carry, Improvement Application'
2025-04-15 02:26:26,297 - INFO -     Successfully parsed date: 2025-03-12 18:00:00+00:00
2025-04-15 02:26:26,297 - INFO -   -> Found notice: Title='Notification - Carry, Improvement Application', Link='https://aust.edu/notice/2772', Date='2025-03-12 18:00:00+00:00', GUID='https://aust.edu/notice/2772'
2025-04-15 02:26:26,297 - INFO -   Assembled date string: 'Mar 13 2025' for title 'Notification - Tuition Award (Sibling)'
2025-04-15 02:26:26,298 - INFO -     Successfully parsed date: 2025-03-12 18:00:00+00:00
2025-04-15 02:26:26,298 - INFO -   -> Found notice: Title='Notification - Tuition Award (Sibling)', Link='https://aust.edu/notice/2771', Date='2025-03-12 18:00:00+00:00', GUID='https://aust.edu/notice/2771'
2025-04-15 02:26:26,298 - INFO -   Assembled date string: 'Mar 13 2025' for title 'Notification (Independence and National Day, Shab-e-Quadar,...'
2025-04-15 02:26:26,298 - INFO -     Successfully parsed date: 2025-03-12 18:00:00+00:00
2025-04-15 02:26:26,299 - INFO -   -> Found notice: Title='Notification (Independence and National Day, Shab-e-Quadar,...', Link='https://aust.edu/notice/2770', Date='2025-03-12 18:00:00+00:00', GUID='https://aust.edu/notice/2770'
2025-04-15 02:26:26,300 - INFO -   Assembled date string: 'Mar 11 2025' for title 'Schedule of Semester Final Examinations: Spring 2024'
2025-04-15 02:26:26,300 - INFO -     Successfully parsed date: 2025-03-10 18:00:00+00:00
2025-04-15 02:26:26,300 - INFO -   -> Found notice: Title='Schedule of Semester Final Examinations: Spring 2024', Link='https://aust.edu/notice/2768', Date='2025-03-10 18:00:00+00:00', GUID='https://aust.edu/notice/2768'
2025-04-15 02:26:26,301 - INFO -   Assembled date string: 'Mar 10 2025' for title 'Farewell Ceremony for Outgoing Students of Spring Semester-2...'
2025-04-15 02:26:26,301 - INFO -     Successfully parsed date: 2025-03-09 18:00:00+00:00
2025-04-15 02:26:26,301 - INFO -   -> Found notice: Title='Farewell Ceremony for Outgoing Students of Spring Semester-2...', Link='https://aust.edu/notice/2767', Date='2025-03-09 18:00:00+00:00', GUID='https://aust.edu/notice/2767'
2025-04-15 02:26:26,302 - INFO -   Assembled date string: 'Mar 03 2025' for title 'Graduate Notification: Bachelor of Science in Electrical and...'
2025-04-15 02:26:26,302 - INFO -     Successfully parsed date: 2025-03-02 18:00:00+00:00
2025-04-15 02:26:26,302 - INFO -   -> Found notice: Title='Graduate Notification: Bachelor of Science in Electrical and...', Link='https://aust.edu/notice/2765', Date='2025-03-02 18:00:00+00:00', GUID='https://aust.edu/notice/2765'
2025-04-15 02:26:26,302 - INFO -   Assembled date string: 'Feb 27 2025' for title 'Notification Regarding Office Hours During Holy Ramadan'
2025-04-15 02:26:26,303 - INFO -     Successfully parsed date: 2025-02-26 18:00:00+00:00
2025-04-15 02:26:26,303 - INFO -   -> Found notice: Title='Notification Regarding Office Hours During Holy Ramadan', Link='https://aust.edu/notice/2761', Date='2025-02-26 18:00:00+00:00', GUID='https://aust.edu/notice/2761'
2025-04-15 02:26:26,303 - INFO -   Assembled date string: 'Feb 24 2025' for title 'Notification - Tuition Award (Sibling/Spouse)'
2025-04-15 02:26:26,303 - INFO -     Successfully parsed date: 2025-02-23 18:00:00+00:00
2025-04-15 02:26:26,304 - INFO -   -> Found notice: Title='Notification - Tuition Award (Sibling/Spouse)', Link='https://aust.edu/notice/2760', Date='2025-02-23 18:00:00+00:00', GUID='https://aust.edu/notice/2760'
2025-04-15 02:26:26,304 - INFO -   Assembled date string: 'Feb 23 2025' for title 'Research Assistant Reqired for Project ID: AIRG/2024/A&S/06/...'
2025-04-15 02:26:26,304 - INFO -     Successfully parsed date: 2025-02-22 18:00:00+00:00
2025-04-15 02:26:26,304 - INFO -   -> Found notice: Title='Research Assistant Reqired for Project ID: AIRG/2024/A&S/06/...', Link='https://aust.edu/notice/2759', Date='2025-02-22 18:00:00+00:00', GUID='https://aust.edu/notice/2759'
2025-04-15 02:26:26,305 - INFO -   Assembled date string: 'Feb 19 2025' for title 'Graduate Notification: Master of Business Administration, Fa...'
2025-04-15 02:26:26,305 - INFO -     Successfully parsed date: 2025-02-18 18:00:00+00:00
2025-04-15 02:26:26,305 - INFO -   -> Found notice: Title='Graduate Notification: Master of Business Administration, Fa...', Link='https://aust.edu/notice/2754', Date='2025-02-18 18:00:00+00:00', GUID='https://aust.edu/notice/2754'
2025-04-15 02:26:26,306 - INFO -   Assembled date string: 'Feb 19 2025' for title 'Graduate Notification: Master of Business Administration (Ex...'
2025-04-15 02:26:26,306 - INFO -     Successfully parsed date: 2025-02-18 18:00:00+00:00
2025-04-15 02:26:26,306 - INFO -   -> Found notice: Title='Graduate Notification: Master of Business Administration (Ex...', Link='https://aust.edu/notice/2753', Date='2025-02-18 18:00:00+00:00', GUID='https://aust.edu/notice/2753'
2025-04-15 02:26:26,307 - INFO -   Assembled date string: 'Feb 19 2025' for title 'Notification - Martyr Day & International Mother Language Da...'
2025-04-15 02:26:26,307 - INFO -     Successfully parsed date: 2025-02-18 18:00:00+00:00
2025-04-15 02:26:26,307 - INFO -   -> Found notice: Title='Notification - Martyr Day & International Mother Language Da...', Link='https://aust.edu/notice/2752', Date='2025-02-18 18:00:00+00:00', GUID='https://aust.edu/notice/2752'
2025-04-15 02:26:26,308 - INFO -   Assembled date string: 'Feb 18 2025' for title 'বিজ্ঞপ্তি - শহীদ দিবস ও আন্তর্জাতিক মাতৃভাষা দিবস - ২০২৫'
2025-04-15 02:26:26,308 - INFO -     Successfully parsed date: 2025-02-17 18:00:00+00:00
2025-04-15 02:26:26,308 - INFO -   -> Found notice: Title='বিজ্ঞপ্তি - শহীদ দিবস ও আন্তর্জাতিক মাতৃভাষা দিবস - ২০২৫', Link='https://aust.edu/notice/2751', Date='2025-02-17 18:00:00+00:00', GUID='https://aust.edu/notice/2751'
2025-04-15 02:26:26,309 - INFO -   Assembled date string: 'Feb 16 2025' for title 'Office Order - Tuition Award (RA Quota)'
2025-04-15 02:26:26,311 - INFO -     Successfully parsed date: 2025-02-15 18:00:00+00:00
2025-04-15 02:26:26,311 - INFO -   -> Found notice: Title='Office Order - Tuition Award (RA Quota)', Link='https://aust.edu/notice/2749', Date='2025-02-15 18:00:00+00:00', GUID='https://aust.edu/notice/2749'
2025-04-15 02:26:26,312 - INFO -   Assembled date string: 'Feb 16 2025' for title 'Office Order - Tuition Award (FF Quota)'
2025-04-15 02:26:26,312 - INFO -     Successfully parsed date: 2025-02-15 18:00:00+00:00
2025-04-15 02:26:26,312 - INFO -   -> Found notice: Title='Office Order - Tuition Award (FF Quota)', Link='https://aust.edu/notice/2746', Date='2025-02-15 18:00:00+00:00', GUID='https://aust.edu/notice/2746'
2025-04-15 02:26:26,312 - INFO -   Assembled date string: 'Feb 13 2025' for title 'Graduate Notification: Bachelor of Science in Electrical and...'
2025-04-15 02:26:26,312 - INFO -     Successfully parsed date: 2025-02-12 18:00:00+00:00
2025-04-15 02:26:26,313 - INFO -   -> Found notice: Title='Graduate Notification: Bachelor of Science in Electrical and...', Link='https://aust.edu/notice/2750', Date='2025-02-12 18:00:00+00:00', GUID='https://aust.edu/notice/2750'
2025-04-15 02:26:26,313 - INFO -   Assembled date string: 'Feb 13 2025' for title 'Graduate Notification: Master of Science in Mathematics, Fal...'
2025-04-15 02:26:26,313 - INFO -     Successfully parsed date: 2025-02-12 18:00:00+00:00
2025-04-15 02:26:26,313 - INFO -   -> Found notice: Title='Graduate Notification: Master of Science in Mathematics, Fal...', Link='https://aust.edu/notice/2743', Date='2025-02-12 18:00:00+00:00', GUID='https://aust.edu/notice/2743'
2025-04-15 02:26:26,316 - INFO -   Assembled date string: 'Feb 13 2025' for title 'Graduate Notification: Bachelor of Science in Electrical and...'
2025-04-15 02:26:26,316 - INFO -     Successfully parsed date: 2025-02-12 18:00:00+00:00
2025-04-15 02:26:26,317 - INFO -   -> Found notice: Title='Graduate Notification: Bachelor of Science in Electrical and...', Link='https://aust.edu/notice/2742', Date='2025-02-12 18:00:00+00:00', GUID='https://aust.edu/notice/2742'
2025-04-15 02:26:26,317 - INFO -   Assembled date string: 'Feb 11 2025' for title 'Academic Calendar - Spring 2024 (Revised)'
2025-04-15 02:26:26,317 - INFO -     Successfully parsed date: 2025-02-10 18:00:00+00:00
2025-04-15 02:26:26,318 - INFO -   -> Found notice: Title='Academic Calendar - Spring 2024 (Revised)', Link='https://aust.edu/notice/2741', Date='2025-02-10 18:00:00+00:00', GUID='https://aust.edu/notice/2741'
2025-04-15 02:26:26,319 - INFO -   Assembled date string: 'Feb 11 2025' for title 'Graduate Notification: Bachelor of Science in Industrial and...'
2025-04-15 02:26:26,319 - INFO -     Successfully parsed date: 2025-02-10 18:00:00+00:00
2025-04-15 02:26:26,319 - INFO -   -> Found notice: Title='Graduate Notification: Bachelor of Science in Industrial and...', Link='https://aust.edu/notice/2740', Date='2025-02-10 18:00:00+00:00', GUID='https://aust.edu/notice/2740'
2025-04-15 02:26:26,320 - INFO -   Assembled date string: 'Feb 11 2025' for title 'Graduate Notification: Bachelor of Science in Civil Engineer...'
2025-04-15 02:26:26,320 - INFO -     Successfully parsed date: 2025-02-10 18:00:00+00:00
2025-04-15 02:26:26,320 - INFO -   -> Found notice: Title='Graduate Notification: Bachelor of Science in Civil Engineer...', Link='https://aust.edu/notice/2739', Date='2025-02-10 18:00:00+00:00', GUID='https://aust.edu/notice/2739'
2025-04-15 02:26:26,320 - INFO -   Assembled date string: 'Feb 11 2025' for title 'Graduate Notification: Master of Science in Mathematics, Fal...'
2025-04-15 02:26:26,320 - INFO -     Successfully parsed date: 2025-02-10 18:00:00+00:00
2025-04-15 02:26:26,321 - INFO -   -> Found notice: Title='Graduate Notification: Master of Science in Mathematics, Fal...', Link='https://aust.edu/notice/2738', Date='2025-02-10 18:00:00+00:00', GUID='https://aust.edu/notice/2738'
2025-04-15 02:26:26,321 - INFO - Finished parsing. Extracted 36 valid notices.
2025-04-15 02:26:26,321 - INFO - Loading existing GUIDs from feed.xml...
2025-04-15 02:26:26,322 - INFO - Loaded 36 existing GUIDs.
2025-04-15 02:26:26,322 - INFO - Generating new RSS feed...
2025-04-15 02:26:26,322 - INFO - Adding 0 new item(s) based on GUID comparison.
2025-04-15 02:26:26,322 - INFO - Loading max 50 old items from existing feed...
2025-04-15 02:26:26,325 - INFO - Added 36 old items.
2025-04-15 02:26:26,325 - INFO - Sorting 36 combined items by publication date (newest first)...
2025-04-15 02:26:26,326 - INFO - Added 36 total items to the feed XML.
2025-04-15 02:26:26,342 - INFO - RSS feed successfully generated and saved to feed.xml
2025-04-15 02:26:26,342 - INFO - Process finished. Duration: 0:00:02.204411
2025-04-15 02:31:01,625 - INFO - Starting AUST notice scraping process...
2025-04-15 02:31:01,625 - INFO - Local time: 2025-04-15 02:31:01  (Timezone Offset: UTC+06:00)
2025-04-15 02:31:02,555 - INFO - New content detected, will process notices
2025-04-15 02:31:02,555 - INFO - Fetching notices from https://aust.edu/notice
2025-04-15 02:31:03,566 - INFO - Successfully fetched page. Status code: 200
2025-04-15 02:31:03,566 - INFO - Parsing HTML content using lxml...
2025-04-15 02:31:03,610 - INFO - Looking for notice elements using selector: 'div.card-info'
2025-04-15 02:31:03,615 - INFO - Found 36 potential notice elements.
2025-04-15 02:31:03,616 - INFO -   Assembled date string: 'Apr 12 2025' for title 'Notice regarding examination of 13 April 2025'
2025-04-15 02:31:03,618 - INFO -     Successfully parsed date: 2025-04-11 18:00:00+00:00
2025-04-15 02:31:03,618 - INFO -   -> Found notice: Title='Notice regarding examination of 13 April 2025', Link='https://aust.edu/notice/2816', Date='2025-04-11 18:00:00+00:00', GUID='https://aust.edu/notice/2816'
2025-04-15 02:31:03,619 - INFO -   Assembled date string: 'Apr 10 2025' for title 'Notification (Participation of guests in convocation ceremon...'
2025-04-15 02:31:03,619 - INFO -     Successfully parsed date: 2025-04-09 18:00:00+00:00
2025-04-15 02:31:03,619 - INFO -   -> Found notice: Title='Notification (Participation of guests in convocation ceremon...', Link='https://aust.edu/notice/2815', Date='2025-04-09 18:00:00+00:00', GUID='https://aust.edu/notice/2815'
2025-04-15 02:31:03,619 - INFO -   Assembled date string: 'Apr 10 2025' for title 'Notification (Original Certificates)'
2025-04-15 02:31:03,620 - INFO -     Successfully parsed date: 2025-04-09 18:00:00+00:00
2025-04-15 02:31:03,620 - INFO -   -> Found notice: Title='Notification (Original Certificates)', Link='https://aust.edu/notice/2814', Date='2025-04-09 18:00:00+00:00', GUID='https://aust.edu/notice/2814'
2025-04-15 02:31:03,620 - INFO -   Assembled date string: 'Apr 09 2025' for title 'Notice (Benglai New Year's Day)'
2025-04-15 02:31:03,620 - INFO -     Successfully parsed date: 2025-04-08 18:00:00+00:00
2025-04-15 02:31:03,621 - INFO -   -> Found notice: Title='Notice (Benglai New Year's Day)', Link='https://aust.edu/notice/2813', Date='2025-04-08 18:00:00+00:00', GUID='https://aust.edu/notice/2813'
2025-04-15 02:31:03,621 - INFO -   Assembled date string: 'Apr 08 2025' for title 'Sitting Arrangement of the semester final exam of Spring 202...'
2025-04-15 02:31:03,621 - INFO -     Successfully parsed date: 2025-04-07 18:00:00+00:00
2025-04-15 02:31:03,621 - INFO -   -> Found notice: Title='Sitting Arrangement of the semester final exam of Spring 202...', Link='https://aust.edu/notice/2812', Date='2025-04-07 18:00:00+00:00', GUID='https://aust.edu/notice/2812'
2025-04-15 02:31:03,622 - INFO -   Assembled date string: 'Apr 07 2025' for title 'Revised Routine for Semester Final Examination (MBA/EMBA): S...'
2025-04-15 02:31:03,622 - INFO -     Successfully parsed date: 2025-04-06 18:00:00+00:00
2025-04-15 02:31:03,622 - INFO -   -> Found notice: Title='Revised Routine for Semester Final Examination (MBA/EMBA): S...', Link='https://aust.edu/notice/2811', Date='2025-04-06 18:00:00+00:00', GUID='https://aust.edu/notice/2811'
2025-04-15 02:31:03,623 - INFO -   Assembled date string: 'Apr 07 2025' for title 'NOTICE  (Rescheduling of Semester Final Exam dates)'
2025-04-15 02:31:03,623 - INFO -     Successfully parsed date: 2025-04-06 18:00:00+00:00
2025-04-15 02:31:03,623 - INFO -   -> Found notice: Title='NOTICE  (Rescheduling of Semester Final Exam dates)', Link='https://aust.edu/notice/2810', Date='2025-04-06 18:00:00+00:00', GUID='https://aust.edu/notice/2810'
2025-04-15 02:31:03,624 - INFO -   Assembled date string: 'Apr 06 2025' for title 'OFFICE ORDER - Head (In-charge)'
2025-04-15 02:31:03,624 - INFO -     Successfully parsed date: 2025-04-05 18:00:00+00:00
2025-04-15 02:31:03,624 - INFO -   -> Found notice: Title='OFFICE ORDER - Head (In-charge)', Link='https://aust.edu/notice/2809', Date='2025-04-05 18:00:00+00:00', GUID='https://aust.edu/notice/2809'
2025-04-15 02:31:03,625 - INFO -   Assembled date string: 'Apr 06 2025' for title 'OFFICE ORDER - Dean (In-charge), Faculty of Architecture and...'
2025-04-15 02:31:03,625 - INFO -     Successfully parsed date: 2025-04-05 18:00:00+00:00
2025-04-15 02:31:03,625 - INFO -   -> Found notice: Title='OFFICE ORDER - Dean (In-charge), Faculty of Architecture and...', Link='https://aust.edu/notice/2808', Date='2025-04-05 18:00:00+00:00', GUID='https://aust.edu/notice/2808'
2025-04-15 02:31:03,626 - INFO -   Assembled date string: 'Mar 25 2025' for title 'Graduate Notification: Bachelor of Science in Mechanical Eng...'
2025-04-15 02:31:03,626 - INFO -     Successfully parsed date: 2025-03-24 18:00:00+00:00
2025-04-15 02:31:03,626 - INFO -   -> Found notice: Title='Graduate Notification: Bachelor of Science in Mechanical Eng...', Link='https://aust.edu/notice/2807', Date='2025-03-24 18:00:00+00:00', GUID='https://aust.edu/notice/2807'
2025-04-15 02:31:03,626 - INFO -   Assembled date string: 'Mar 25 2025' for title 'Graduate Notification: Bachelor of Science in Industrial and...'
2025-04-15 02:31:03,627 - INFO -     Successfully parsed date: 2025-03-24 18:00:00+00:00
2025-04-15 02:31:03,627 - INFO -   -> Found notice: Title='Graduate Notification: Bachelor of Science in Industrial and...', Link='https://aust.edu/notice/2806', Date='2025-03-24 18:00:00+00:00', GUID='https://aust.edu/notice/2806'
2025-04-15 02:31:03,627 - INFO -   Assembled date string: 'Mar 24 2025' for title 'Graduate Notification: Bachelor of Business Administration,...'
2025-04-15 02:31:03,627 - INFO -     Successfully parsed date: 2025-03-23 18:00:00+00:00
2025-04-15 02:31:03,628 - INFO -   -> Found notice: Title='Graduate Notification: Bachelor of Business Administration,...', Link='https://aust.edu/notice/2801', Date='2025-03-23 18:00:00+00:00', GUID='https://aust.edu/notice/2801'
2025-04-15 02:31:03,628 - INFO -   Assembled date string: 'Mar 20 2025' for title 'Routine for Semester Final Examination (MBA/EMBA): Spring 20...'
2025-04-15 02:31:03,628 - INFO -     Successfully parsed date: 2025-03-19 18:00:00+00:00
2025-04-15 02:31:03,628 - INFO -   -> Found notice: Title='Routine for Semester Final Examination (MBA/EMBA): Spring 20...', Link='https://aust.edu/notice/2798', Date='2025-03-19 18:00:00+00:00', GUID='https://aust.edu/notice/2798'
2025-04-15 02:31:03,629 - INFO -   Assembled date string: 'Mar 18 2025' for title 'Notification - Tuition Award (Sponsor Organization)'
2025-04-15 02:31:03,629 - INFO -     Successfully parsed date: 2025-03-17 18:00:00+00:00
2025-04-15 02:31:03,629 - INFO -   -> Found notice: Title='Notification - Tuition Award (Sponsor Organization)', Link='https://aust.edu/notice/2785', Date='2025-03-17 18:00:00+00:00', GUID='https://aust.edu/notice/2785'
2025-04-15 02:31:03,630 - INFO -   Assembled date string: 'Mar 13 2025' for title 'Notification - Carry, Improvement Application'
2025-04-15 02:31:03,630 - INFO -     Successfully parsed date: 2025-03-12 18:00:00+00:00
2025-04-15 02:31:03,630 - INFO -   -> Found notice: Title='Notification - Carry, Improvement Application', Link='https://aust.edu/notice/2772', Date='2025-03-12 18:00:00+00:00', GUID='https://aust.edu/notice/2772'
2025-04-15 02:31:03,631 - INFO -   Assembled date string: 'Mar 13 2025' for title 'Notification - Tuition Award (Sibling)'
2025-04-15 02:31:03,631 - INFO -     Successfully parsed date: 2025-03-12 18:00:00+00:00
2025-04-15 02:31:03,631 - INFO -   -> Found notice: Title='Notification - Tuition Award (Sibling)', Link='https://aust.edu/notice/2771', Date='2025-03-12 18:00:00+00:00', GUID='https://aust.edu/notice/2771'
2025-04-15 02:31:03,632 - INFO -   Assembled date string: 'Mar 13 2025' for title 'Notification (Independence and National Day, Shab-e-Quadar,...'
2025-04-15 02:31:03,632 - INFO -     Successfully parsed date: 2025-03-12 18:00:00+00:00
2025-04-15 02:31:03,632 - INFO -   -> Found notice: Title='Notification (Independence and National Day, Shab-e-Quadar,...', Link='https://aust.edu/notice/2770', Date='2025-03-12 18:00:00+00:00', GUID='https://aust.edu/notice/2770'
2025-04-15 02:31:03,633 - INFO -   Assembled date string: 'Mar 11 2025' for title 'Schedule of Semester Final Examinations: Spring 2024'
2025-04-15 02:31:03,633 - INFO -     Successfully parsed date: 2025-03-10 18:00:00+00:00
2025-04-15 02:31:03,633 - INFO -   -> Found notice: Title='Schedule of Semester Final Examinations: Spring 2024', Link='https://aust.edu/notice/2768', Date='2025-03-10 18:00:00+00:00', GUID='https://aust.edu/notice/2768'
2025-04-15 02:31:03,634 - INFO -   Assembled date string: 'Mar 10 2025' for title 'Farewell Ceremony for Outgoing Students of Spring Semester-2...'
2025-04-15 02:31:03,634 - INFO -     Successfully parsed date: 2025-03-09 18:00:00+00:00
2025-04-15 02:31:03,634 - INFO -   -> Found notice: Title='Farewell Ceremony for Outgoing Students of Spring Semester-2...', Link='https://aust.edu/notice/2767', Date='2025-03-09 18:00:00+00:00', GUID='https://aust.edu/notice/2767'
2025-04-15 02:31:03,634 - INFO -   Assembled date string: 'Mar 03 2025' for title 'Graduate Notification: Bachelor of Science in Electrical and...'
2025-04-15 02:31:03,635 - INFO -     Successfully parsed date: 2025-03-02 18:00:00+00:00
2025-04-15 02:31:03,635 - INFO -   -> Found notice: Title='Graduate Notification: Bachelor of Science in Electrical and...', Link='https://aust.edu/notice/2765', Date='2025-03-02 18:00:00+00:00', GUID='https://aust.edu/notice/2765'
2025-04-15 02:31:03,635 - INFO -   Assembled date string: 'Feb 27 2025' for title 'Notification Regarding Office Hours During Holy Ramadan'
2025-04-15 02:31:03,635 - INFO -     Successfully parsed date: 2025-02-26 18:00:00+00:00
2025-04-15 02:31:03,636 - INFO -   -> Found notice: Title='Notification Regarding Office Hours During Holy Ramadan', Link='https://aust.edu/notice/2761', Date='2025-02-26 18:00:00+00:00', GUID='https://aust.edu/notice/2761'
2025-04-15 02:31:03,636 - INFO -   Assembled date string: 'Feb 24 2025' for title 'Notification - Tuition Award (Sibling/Spouse)'
2025-04-15 02:31:03,636 - INFO -     Successfully parsed date: 2025-02-23 18:00:00+00:00
2025-04-15 02:31:03,637 - INFO -   -> Found notice: Title='Notification - Tuition Award (Sibling/Spouse)', Link='https://aust.edu/notice/2760', Date='2025-02-23 18:00:00+00:00', GUID='https://aust.edu/notice/2760'
2025-04-15 02:31:03,637 - INFO -   Assembled date string: 'Feb 23 2025' for title 'Research Assistant Reqired for Project ID: AIRG/2024/A&S/06/...'
2025-04-15 02:31:03,637 - INFO -     Successfully parsed date: 2025-02-22 18:00:00+00:00
2025-04-15 02:31:03,637 - INFO -   -> Found notice: Title='Research Assistant Reqired for Project ID: AIRG/2024/A&S/06/...', Link='https://aust.edu/notice/2759', Date='2025-02-22 18:00:00+00:00', GUID='https://aust.edu/notice/2759'
2025-04-15 02:31:03,638 - INFO -   Assembled date string: 'Feb 19 2025' for title 'Graduate Notification: Master of Business Administration, Fa...'
2025-04-15 02:31:03,638 - INFO -     Successfully parsed date: 2025-02-18 18:00:00+00:00
2025-04-15 02:31:03,638 - INFO -   -> Found notice: Title='Graduate Notification: Master of Business Administration, Fa...', Link='https://aust.edu/notice/2754', Date='2025-02-18 18:00:00+00:00', GUID='https://aust.edu/notice/2754'
2025-04-15 02:31:03,639 - INFO -   Assembled date string: 'Feb 19 2025' for title 'Graduate Notification: Master of Business Administration (Ex...'
2025-04-15 02:31:03,639 - INFO -     Successfully parsed date: 2025-02-18 18:00:00+00:00
2025-04-15 02:31:03,639 - INFO -   -> Found notice: Title='Graduate Notification: Master of Business Administration (Ex...', Link='https://aust.edu/notice/2753', Date='2025-02-18 18:00:00+00:00', GUID='https://aust.edu/notice/2753'
2025-04-15 02:31:03,640 - INFO -   Assembled date string: 'Feb 19 2025' for title 'Notification - Martyr Day & International Mother Language Da...'
2025-04-15 02:31:03,640 - INFO -     Successfully parsed date: 2025-02-18 18:00:00+00:00
2025-04-15 02:31:03,640 - INFO -   -> Found notice: Title='Notification - Martyr Day & International Mother Language Da...', Link='https://aust.edu/notice/2752', Date='2025-02-18 18:00:00+00:00', GUID='https://aust.edu/notice/2752'
2025-04-15 02:31:03,641 - INFO -   Assembled date string: 'Feb 18 2025' for title 'বিজ্ঞপ্তি - শহীদ দিবস ও আন্তর্জাতিক মাতৃভাষা দিবস - ২০২৫'
2025-04-15 02:31:03,641 - INFO -     Successfully parsed date: 2025-02-17 18:00:00+00:00
2025-04-15 02:31:03,641 - INFO -   -> Found notice: Title='বিজ্ঞপ্তি - শহীদ দিবস ও আন্তর্জাতিক মাতৃভাষা দিবস - ২০২৫', Link='https://aust.edu/notice/2751', Date='2025-02-17 18:00:00+00:00', GUID='https://aust.edu/notice/2751'
2025-04-15 02:31:03,642 - INFO -   Assembled date string: 'Feb 16 2025' for title 'Office Order - Tuition Award (RA Quota)'
2025-04-15 02:31:03,642 - INFO -     Successfully parsed date: 2025-02-15 18:00:00+00:00
2025-04-15 02:31:03,642 - INFO -   -> Found notice: Title='Office Order - Tuition Award (RA Quota)', Link='https://aust.edu/notice/2749', Date='2025-02-15 18:00:00+00:00', GUID='https://aust.edu/notice/2749'
2025-04-15 02:31:03,643 - INFO -   Assembled date string: 'Feb 16 2025' for title 'Office Order - Tuition Award (FF Quota)'
2025-04-15 02:31:03,643 - INFO -     Successfully parsed date: 2025-02-15 18:00:00+00:00
2025-04-15 02:31:03,643 - INFO -   -> Found notice: Title='Office Order - Tuition Award (FF Quota)', Link='https://aust.edu/notice/2746', Date='2025-02-15 18:00:00+00:00', GUID='https://aust.edu/notice/2746'
2025-04-15 02:31:03,644 - INFO -   Assembled date string: 'Feb 13 2025' for title 'Graduate Notification: Bachelor of Science in Electrical and...'
2025-04-15 02:31:03,644 - INFO -     Successfully parsed date: 2025-02-12 18:00:00+00:00
2025-04-15 02:31:03,644 - INFO -   -> Found notice: Title='Graduate Notification: Bachelor of Science in Electrical and...', Link='https://aust.edu/notice/2750', Date='2025-02-12 18:00:00+00:00', GUID='https://aust.edu/notice/2750'
2025-04-15 02:31:03,645 - INFO -   Assembled date string: 'Feb 13 2025' for title 'Graduate Notification: Master of Science in Mathematics, Fal...'
2025-04-15 02:31:03,645 - INFO -     Successfully parsed date: 2025-02-12 18:00:00+00:00
2025-04-15 02:31:03,645 - INFO -   -> Found notice: Title='Graduate Notification: Master of Science in Mathematics, Fal...', Link='https://aust.edu/notice/2743', Date='2025-02-12 18:00:00+00:00', GUID='https://aust.edu/notice/2743'
2025-04-15 02:31:03,646 - INFO -   Assembled date string: 'Feb 13 2025' for title 'Graduate Notification: Bachelor of Science in Electrical and...'
2025-04-15 02:31:03,646 - INFO -     Successfully parsed date: 2025-02-12 18:00:00+00:00
2025-04-15 02:31:03,646 - INFO -   -> Found notice: Title='Graduate Notification: Bachelor of Science in Electrical and...', Link='https://aust.edu/notice/2742', Date='2025-02-12 18:00:00+00:00', GUID='https://aust.edu/notice/2742'
2025-04-15 02:31:03,647 - INFO -   Assembled date string: 'Feb 11 2025' for title 'Academic Calendar - Spring 2024 (Revised)'
2025-04-15 02:31:03,647 - INFO -     Successfully parsed date: 2025-02-10 18:00:00+00:00
2025-04-15 02:31:03,647 - INFO -   -> Found notice: Title='Academic Calendar - Spring 2024 (Revised)', Link='https://aust.edu/notice/2741', Date='2025-02-10 18:00:00+00:00', GUID='https://aust.edu/notice/2741'
2025-04-15 02:31:03,648 - INFO -   Assembled date string: 'Feb 11 2025' for title 'Graduate Notification: Bachelor of Science in Industrial and...'
2025-04-15 02:31:03,648 - INFO -     Successfully parsed date: 2025-02-10 18:00:00+00:00
2025-04-15 02:31:03,648 - INFO -   -> Found notice: Title='Graduate Notification: Bachelor of Science in Industrial and...', Link='https://aust.edu/notice/2740', Date='2025-02-10 18:00:00+00:00', GUID='https://aust.edu/notice/2740'
2025-04-15 02:31:03,649 - INFO -   Assembled date string: 'Feb 11 2025' for title 'Graduate Notification: Bachelor of Science in Civil Engineer...'
2025-04-15 02:31:03,649 - INFO -     Successfully parsed date: 2025-02-10 18:00:00+00:00
2025-04-15 02:31:03,649 - INFO -   -> Found notice: Title='Graduate Notification: Bachelor of Science in Civil Engineer...', Link='https://aust.edu/notice/2739', Date='2025-02-10 18:00:00+00:00', GUID='https://aust.edu/notice/2739'
2025-04-15 02:31:03,650 - INFO -   Assembled date string: 'Feb 11 2025' for title 'Graduate Notification: Master of Science in Mathematics, Fal...'
2025-04-15 02:31:03,650 - INFO -     Successfully parsed date: 2025-02-10 18:00:00+00:00
2025-04-15 02:31:03,651 - INFO -   -> Found notice: Title='Graduate Notification: Master of Science in Mathematics, Fal...', Link='https://aust.edu/notice/2738', Date='2025-02-10 18:00:00+00:00', GUID='https://aust.edu/notice/2738'
2025-04-15 02:31:03,651 - INFO - Finished parsing. Extracted 36 valid notices.
2025-04-15 02:31:03,651 - INFO - Loading existing GUIDs from feed.xml...
2025-04-15 02:31:03,652 - INFO - Loaded 36 existing GUIDs.
2025-04-15 02:31:03,652 - INFO - Generating new RSS feed...
2025-04-15 02:31:03,652 - INFO - Adding 0 new item(s) based on GUID comparison.
2025-04-15 02:31:03,653 - INFO - Loading max 50 old items from existing feed...
2025-04-15 02:31:03,655 - INFO - Added 36 old items.
2025-04-15 02:31:03,656 - INFO - Sorting 36 combined items by publication date (newest first)...
2025-04-15 02:31:03,656 - INFO - Added 36 total items to the feed XML.
2025-04-15 02:31:03,662 - INFO - RSS feed successfully generated and saved to feed.xml
2025-04-15 02:31:03,662 - INFO - Process finished. Duration: 0:00:02.037268
2025-04-15 02:33:49,447 - INFO - Starting AUST notice scraping process...
2025-04-15 02:33:49,447 - INFO - Local time: 2025-04-15 02:33:49  (Timezone Offset: UTC+06:00)
2025-04-15 02:33:50,307 - INFO - New content detected, will process notices
2025-04-15 02:33:50,308 - INFO - Fetching notices from https://aust.edu/notice
2025-04-15 02:33:51,222 - INFO - Successfully fetched page. Status code: 200
2025-04-15 02:33:51,223 - INFO - Parsing HTML content using lxml...
2025-04-15 02:33:51,260 - INFO - Looking for notice elements using selector: 'div.card-info'
2025-04-15 02:33:51,265 - INFO - Found 36 potential notice elements.
2025-04-15 02:33:51,266 - INFO -   Assembled date string: 'Apr 12 2025' for title 'Notice regarding examination of 13 April 2025'
2025-04-15 02:33:51,268 - INFO -     Successfully parsed date: 2025-04-11 18:00:00+00:00
2025-04-15 02:33:51,268 - INFO -   -> Found notice: Title='Notice regarding examination of 13 April 2025', Link='https://aust.edu/notice/2816', Date='2025-04-11 18:00:00+00:00', GUID='https://aust.edu/notice/2816'
2025-04-15 02:33:51,269 - INFO -   Assembled date string: 'Apr 10 2025' for title 'Notification (Participation of guests in convocation ceremon...'
2025-04-15 02:33:51,269 - INFO -     Successfully parsed date: 2025-04-09 18:00:00+00:00
2025-04-15 02:33:51,269 - INFO -   -> Found notice: Title='Notification (Participation of guests in convocation ceremon...', Link='https://aust.edu/notice/2815', Date='2025-04-09 18:00:00+00:00', GUID='https://aust.edu/notice/2815'
2025-04-15 02:33:51,270 - INFO -   Assembled date string: 'Apr 10 2025' for title 'Notification (Original Certificates)'
2025-04-15 02:33:51,270 - INFO -     Successfully parsed date: 2025-04-09 18:00:00+00:00
2025-04-15 02:33:51,270 - INFO -   -> Found notice: Title='Notification (Original Certificates)', Link='https://aust.edu/notice/2814', Date='2025-04-09 18:00:00+00:00', GUID='https://aust.edu/notice/2814'
2025-04-15 02:33:51,271 - INFO -   Assembled date string: 'Apr 09 2025' for title 'Notice (Benglai New Year's Day)'
2025-04-15 02:33:51,271 - INFO -     Successfully parsed date: 2025-04-08 18:00:00+00:00
2025-04-15 02:33:51,271 - INFO -   -> Found notice: Title='Notice (Benglai New Year's Day)', Link='https://aust.edu/notice/2813', Date='2025-04-08 18:00:00+00:00', GUID='https://aust.edu/notice/2813'
2025-04-15 02:33:51,272 - INFO -   Assembled date string: 'Apr 08 2025' for title 'Sitting Arrangement of the semester final exam of Spring 202...'
2025-04-15 02:33:51,272 - INFO -     Successfully parsed date: 2025-04-07 18:00:00+00:00
2025-04-15 02:33:51,272 - INFO -   -> Found notice: Title='Sitting Arrangement of the semester final exam of Spring 202...', Link='https://aust.edu/notice/2812', Date='2025-04-07 18:00:00+00:00', GUID='https://aust.edu/notice/2812'
2025-04-15 02:33:51,273 - INFO -   Assembled date string: 'Apr 07 2025' for title 'Revised Routine for Semester Final Examination (MBA/EMBA): S...'
2025-04-15 02:33:51,273 - INFO -     Successfully parsed date: 2025-04-06 18:00:00+00:00
2025-04-15 02:33:51,274 - INFO -   -> Found notice: Title='Revised Routine for Semester Final Examination (MBA/EMBA): S...', Link='https://aust.edu/notice/2811', Date='2025-04-06 18:00:00+00:00', GUID='https://aust.edu/notice/2811'
2025-04-15 02:33:51,274 - INFO -   Assembled date string: 'Apr 07 2025' for title 'NOTICE  (Rescheduling of Semester Final Exam dates)'
2025-04-15 02:33:51,275 - INFO -     Successfully parsed date: 2025-04-06 18:00:00+00:00
2025-04-15 02:33:51,275 - INFO -   -> Found notice: Title='NOTICE  (Rescheduling of Semester Final Exam dates)', Link='https://aust.edu/notice/2810', Date='2025-04-06 18:00:00+00:00', GUID='https://aust.edu/notice/2810'
2025-04-15 02:33:51,275 - INFO -   Assembled date string: 'Apr 06 2025' for title 'OFFICE ORDER - Head (In-charge)'
2025-04-15 02:33:51,276 - INFO -     Successfully parsed date: 2025-04-05 18:00:00+00:00
2025-04-15 02:33:51,276 - INFO -   -> Found notice: Title='OFFICE ORDER - Head (In-charge)', Link='https://aust.edu/notice/2809', Date='2025-04-05 18:00:00+00:00', GUID='https://aust.edu/notice/2809'
2025-04-15 02:33:51,277 - INFO -   Assembled date string: 'Apr 06 2025' for title 'OFFICE ORDER - Dean (In-charge), Faculty of Architecture and...'
2025-04-15 02:33:51,277 - INFO -     Successfully parsed date: 2025-04-05 18:00:00+00:00
2025-04-15 02:33:51,277 - INFO -   -> Found notice: Title='OFFICE ORDER - Dean (In-charge), Faculty of Architecture and...', Link='https://aust.edu/notice/2808', Date='2025-04-05 18:00:00+00:00', GUID='https://aust.edu/notice/2808'
2025-04-15 02:33:51,278 - INFO -   Assembled date string: 'Mar 25 2025' for title 'Graduate Notification: Bachelor of Science in Mechanical Eng...'
2025-04-15 02:33:51,278 - INFO -     Successfully parsed date: 2025-03-24 18:00:00+00:00
2025-04-15 02:33:51,278 - INFO -   -> Found notice: Title='Graduate Notification: Bachelor of Science in Mechanical Eng...', Link='https://aust.edu/notice/2807', Date='2025-03-24 18:00:00+00:00', GUID='https://aust.edu/notice/2807'
2025-04-15 02:33:51,279 - INFO -   Assembled date string: 'Mar 25 2025' for title 'Graduate Notification: Bachelor of Science in Industrial and...'
2025-04-15 02:33:51,279 - INFO -     Successfully parsed date: 2025-03-24 18:00:00+00:00
2025-04-15 02:33:51,279 - INFO -   -> Found notice: Title='Graduate Notification: Bachelor of Science in Industrial and...', Link='https://aust.edu/notice/2806', Date='2025-03-24 18:00:00+00:00', GUID='https://aust.edu/notice/2806'
2025-04-15 02:33:51,280 - INFO -   Assembled date string: 'Mar 24 2025' for title 'Graduate Notification: Bachelor of Business Administration,...'
2025-04-15 02:33:51,280 - INFO -     Successfully parsed date: 2025-03-23 18:00:00+00:00
2025-04-15 02:33:51,280 - INFO -   -> Found notice: Title='Graduate Notification: Bachelor of Business Administration,...', Link='https://aust.edu/notice/2801', Date='2025-03-23 18:00:00+00:00', GUID='https://aust.edu/notice/2801'
2025-04-15 02:33:51,281 - INFO -   Assembled date string: 'Mar 20 2025' for title 'Routine for Semester Final Examination (MBA/EMBA): Spring 20...'
2025-04-15 02:33:51,282 - INFO -     Successfully parsed date: 2025-03-19 18:00:00+00:00
2025-04-15 02:33:51,282 - INFO -   -> Found notice: Title='Routine for Semester Final Examination (MBA/EMBA): Spring 20...', Link='https://aust.edu/notice/2798', Date='2025-03-19 18:00:00+00:00', GUID='https://aust.edu/notice/2798'
2025-04-15 02:33:51,283 - INFO -   Assembled date string: 'Mar 18 2025' for title 'Notification - Tuition Award (Sponsor Organization)'
2025-04-15 02:33:51,284 - INFO -     Successfully parsed date: 2025-03-17 18:00:00+00:00
2025-04-15 02:33:51,284 - INFO -   -> Found notice: Title='Notification - Tuition Award (Sponsor Organization)', Link='https://aust.edu/notice/2785', Date='2025-03-17 18:00:00+00:00', GUID='https://aust.edu/notice/2785'
2025-04-15 02:33:51,285 - INFO -   Assembled date string: 'Mar 13 2025' for title 'Notification - Carry, Improvement Application'
2025-04-15 02:33:51,286 - INFO -     Successfully parsed date: 2025-03-12 18:00:00+00:00
2025-04-15 02:33:51,286 - INFO -   -> Found notice: Title='Notification - Carry, Improvement Application', Link='https://aust.edu/notice/2772', Date='2025-03-12 18:00:00+00:00', GUID='https://aust.edu/notice/2772'
2025-04-15 02:33:51,286 - INFO -   Assembled date string: 'Mar 13 2025' for title 'Notification - Tuition Award (Sibling)'
2025-04-15 02:33:51,287 - INFO -     Successfully parsed date: 2025-03-12 18:00:00+00:00
2025-04-15 02:33:51,287 - INFO -   -> Found notice: Title='Notification - Tuition Award (Sibling)', Link='https://aust.edu/notice/2771', Date='2025-03-12 18:00:00+00:00', GUID='https://aust.edu/notice/2771'
2025-04-15 02:33:51,288 - INFO -   Assembled date string: 'Mar 13 2025' for title 'Notification (Independence and National Day, Shab-e-Quadar,...'
2025-04-15 02:33:51,288 - INFO -     Successfully parsed date: 2025-03-12 18:00:00+00:00
2025-04-15 02:33:51,288 - INFO -   -> Found notice: Title='Notification (Independence and National Day, Shab-e-Quadar,...', Link='https://aust.edu/notice/2770', Date='2025-03-12 18:00:00+00:00', GUID='https://aust.edu/notice/2770'
2025-04-15 02:33:51,289 - INFO -   Assembled date string: 'Mar 11 2025' for title 'Schedule of Semester Final Examinations: Spring 2024'
2025-04-15 02:33:51,289 - INFO -     Successfully parsed date: 2025-03-10 18:00:00+00:00
2025-04-15 02:33:51,289 - INFO -   -> Found notice: Title='Schedule of Semester Final Examinations: Spring 2024', Link='https://aust.edu/notice/2768', Date='2025-03-10 18:00:00+00:00', GUID='https://aust.edu/notice/2768'
2025-04-15 02:33:51,290 - INFO -   Assembled date string: 'Mar 10 2025' for title 'Farewell Ceremony for Outgoing Students of Spring Semester-2...'
2025-04-15 02:33:51,290 - INFO -     Successfully parsed date: 2025-03-09 18:00:00+00:00
2025-04-15 02:33:51,290 - INFO -   -> Found notice: Title='Farewell Ceremony for Outgoing Students of Spring Semester-2...', Link='https://aust.edu/notice/2767', Date='2025-03-09 18:00:00+00:00', GUID='https://aust.edu/notice/2767'
2025-04-15 02:33:51,291 - INFO -   Assembled date string: 'Mar 03 2025' for title 'Graduate Notification: Bachelor of Science in Electrical and...'
2025-04-15 02:33:51,291 - INFO -     Successfully parsed date: 2025-03-02 18:00:00+00:00
2025-04-15 02:33:51,291 - INFO -   -> Found notice: Title='Graduate Notification: Bachelor of Science in Electrical and...', Link='https://aust.edu/notice/2765', Date='2025-03-02 18:00:00+00:00', GUID='https://aust.edu/notice/2765'
2025-04-15 02:33:51,292 - INFO -   Assembled date string: 'Feb 27 2025' for title 'Notification Regarding Office Hours During Holy Ramadan'
2025-04-15 02:33:51,292 - INFO -     Successfully parsed date: 2025-02-26 18:00:00+00:00
2025-04-15 02:33:51,292 - INFO -   -> Found notice: Title='Notification Regarding Office Hours During Holy Ramadan', Link='https://aust.edu/notice/2761', Date='2025-02-26 18:00:00+00:00', GUID='https://aust.edu/notice/2761'
2025-04-15 02:33:51,293 - INFO -   Assembled date string: 'Feb 24 2025' for title 'Notification - Tuition Award (Sibling/Spouse)'
2025-04-15 02:33:51,293 - INFO -     Successfully parsed date: 2025-02-23 18:00:00+00:00
2025-04-15 02:33:51,293 - INFO -   -> Found notice: Title='Notification - Tuition Award (Sibling/Spouse)', Link='https://aust.edu/notice/2760', Date='2025-02-23 18:00:00+00:00', GUID='https://aust.edu/notice/2760'
2025-04-15 02:33:51,293 - INFO -   Assembled date string: 'Feb 23 2025' for title 'Research Assistant Reqired for Project ID: AIRG/2024/A&S/06/...'
2025-04-15 02:33:51,294 - INFO -     Successfully parsed date: 2025-02-22 18:00:00+00:00
2025-04-15 02:33:51,294 - INFO -   -> Found notice: Title='Research Assistant Reqired for Project ID: AIRG/2024/A&S/06/...', Link='https://aust.edu/notice/2759', Date='2025-02-22 18:00:00+00:00', GUID='https://aust.edu/notice/2759'
2025-04-15 02:33:51,294 - INFO -   Assembled date string: 'Feb 19 2025' for title 'Graduate Notification: Master of Business Administration, Fa...'
2025-04-15 02:33:51,295 - INFO -     Successfully parsed date: 2025-02-18 18:00:00+00:00
2025-04-15 02:33:51,295 - INFO -   -> Found notice: Title='Graduate Notification: Master of Business Administration, Fa...', Link='https://aust.edu/notice/2754', Date='2025-02-18 18:00:00+00:00', GUID='https://aust.edu/notice/2754'
2025-04-15 02:33:51,295 - INFO -   Assembled date string: 'Feb 19 2025' for title 'Graduate Notification: Master of Business Administration (Ex...'
2025-04-15 02:33:51,295 - INFO -     Successfully parsed date: 2025-02-18 18:00:00+00:00
2025-04-15 02:33:51,296 - INFO -   -> Found notice: Title='Graduate Notification: Master of Business Administration (Ex...', Link='https://aust.edu/notice/2753', Date='2025-02-18 18:00:00+00:00', GUID='https://aust.edu/notice/2753'
2025-04-15 02:33:51,296 - INFO -   Assembled date string: 'Feb 19 2025' for title 'Notification - Martyr Day & International Mother Language Da...'
2025-04-15 02:33:51,296 - INFO -     Successfully parsed date: 2025-02-18 18:00:00+00:00
2025-04-15 02:33:51,296 - INFO -   -> Found notice: Title='Notification - Martyr Day & International Mother Language Da...', Link='https://aust.edu/notice/2752', Date='2025-02-18 18:00:00+00:00', GUID='https://aust.edu/notice/2752'
2025-04-15 02:33:51,297 - INFO -   Assembled date string: 'Feb 18 2025' for title 'বিজ্ঞপ্তি - শহীদ দিবস ও আন্তর্জাতিক মাতৃভাষা দিবস - ২০২৫'
2025-04-15 02:33:51,297 - INFO -     Successfully parsed date: 2025-02-17 18:00:00+00:00
2025-04-15 02:33:51,297 - INFO -   -> Found notice: Title='বিজ্ঞপ্তি - শহীদ দিবস ও আন্তর্জাতিক মাতৃভাষা দিবস - ২০২৫', Link='https://aust.edu/notice/2751', Date='2025-02-17 18:00:00+00:00', GUID='https://aust.edu/notice/2751'
2025-04-15 02:33:51,298 - INFO -   Assembled date string: 'Feb 16 2025' for title 'Office Order - Tuition Award (RA Quota)'
2025-04-15 02:33:51,298 - INFO -     Successfully parsed date: 2025-02-15 18:00:00+00:00
2025-04-15 02:33:51,298 - INFO -   -> Found notice: Title='Office Order - Tuition Award (RA Quota)', Link='https://aust.edu/notice/2749', Date='2025-02-15 18:00:00+00:00', GUID='https://aust.edu/notice/2749'
2025-04-15 02:33:51,299 - INFO -   Assembled date string: 'Feb 16 2025' for title 'Office Order - Tuition Award (FF Quota)'
2025-04-15 02:33:51,299 - INFO -     Successfully parsed date: 2025-02-15 18:00:00+00:00
2025-04-15 02:33:51,299 - INFO -   -> Found notice: Title='Office Order - Tuition Award (FF Quota)', Link='https://aust.edu/notice/2746', Date='2025-02-15 18:00:00+00:00', GUID='https://aust.edu/notice/2746'
2025-04-15 02:33:51,300 - INFO -   Assembled date string: 'Feb 13 2025' for title 'Graduate Notification: Bachelor of Science in Electrical and...'
2025-04-15 02:33:51,300 - INFO -     Successfully parsed date: 2025-02-12 18:00:00+00:00
2025-04-15 02:33:51,300 - INFO -   -> Found notice: Title='Graduate Notification: Bachelor of Science in Electrical and...', Link='https://aust.edu/notice/2750', Date='2025-02-12 18:00:00+00:00', GUID='https://aust.edu/notice/2750'
2025-04-15 02:33:51,301 - INFO -   Assembled date string: 'Feb 13 2025' for title 'Graduate Notification: Master of Science in Mathematics, Fal...'
2025-04-15 02:33:51,301 - INFO -     Successfully parsed date: 2025-02-12 18:00:00+00:00
2025-04-15 02:33:51,301 - INFO -   -> Found notice: Title='Graduate Notification: Master of Science in Mathematics, Fal...', Link='https://aust.edu/notice/2743', Date='2025-02-12 18:00:00+00:00', GUID='https://aust.edu/notice/2743'
2025-04-15 02:33:51,302 - INFO -   Assembled date string: 'Feb 13 2025' for title 'Graduate Notification: Bachelor of Science in Electrical and...'
2025-04-15 02:33:51,302 - INFO -     Successfully parsed date: 2025-02-12 18:00:00+00:00
2025-04-15 02:33:51,302 - INFO -   -> Found notice: Title='Graduate Notification: Bachelor of Science in Electrical and...', Link='https://aust.edu/notice/2742', Date='2025-02-12 18:00:00+00:00', GUID='https://aust.edu/notice/2742'
2025-04-15 02:33:51,303 - INFO -   Assembled date string: 'Feb 11 2025' for title 'Academic Calendar - Spring 2024 (Revised)'
2025-04-15 02:33:51,303 - INFO -     Successfully parsed date: 2025-02-10 18:00:00+00:00
2025-04-15 02:33:51,303 - INFO -   -> Found notice: Title='Academic Calendar - Spring 2024 (Revised)', Link='https://aust.edu/notice/2741', Date='2025-02-10 18:00:00+00:00', GUID='https://aust.edu/notice/2741'
2025-04-15 02:33:51,304 - INFO -   Assembled date string: 'Feb 11 2025' for title 'Graduate Notification: Bachelor of Science in Industrial and...'
2025-04-15 02:33:51,304 - INFO -     Successfully parsed date: 2025-02-10 18:00:00+00:00
2025-04-15 02:33:51,304 - INFO -   -> Found notice: Title='Graduate Notification: Bachelor of Science in Industrial and...', Link='https://aust.edu/notice/2740', Date='2025-02-10 18:00:00+00:00', GUID='https://aust.edu/notice/2740'
2025-04-15 02:33:51,304 - INFO -   Assembled date string: 'Feb 11 2025' for title 'Graduate Notification: Bachelor of Science in Civil Engineer...'
2025-04-15 02:33:51,305 - INFO -     Successfully parsed date: 2025-02-10 18:00:00+00:00
2025-04-15 02:33:51,305 - INFO -   -> Found notice: Title='Graduate Notification: Bachelor of Science in Civil Engineer...', Link='https://aust.edu/notice/2739', Date='2025-02-10 18:00:00+00:00', GUID='https://aust.edu/notice/2739'
2025-04-15 02:33:51,305 - INFO -   Assembled date string: 'Feb 11 2025' for title 'Graduate Notification: Master of Science in Mathematics, Fal...'
2025-04-15 02:33:51,306 - INFO -     Successfully parsed date: 2025-02-10 18:00:00+00:00
2025-04-15 02:33:51,306 - INFO -   -> Found notice: Title='Graduate Notification: Master of Science in Mathematics, Fal...', Link='https://aust.edu/notice/2738', Date='2025-02-10 18:00:00+00:00', GUID='https://aust.edu/notice/2738'
2025-04-15 02:33:51,306 - INFO - Finished parsing. Extracted 36 valid notices.
2025-04-15 02:33:51,306 - INFO - No existing feed file found at feed.xml. Starting fresh.
2025-04-15 02:33:51,306 - INFO - Generating new RSS feed...
2025-04-15 02:33:51,306 - INFO - Adding 36 new item(s) based on GUID comparison.
2025-04-15 02:33:51,307 - INFO - Sorting 36 combined items by publication date (newest first)...
2025-04-15 02:33:51,307 - INFO - Added 36 total items to the feed XML.
2025-04-15 02:33:51,313 - INFO - RSS feed successfully generated and saved to feed.xml
2025-04-15 02:33:51,313 - INFO - Process finished. Duration: 0:00:01.866506
2025-04-19 01:40:28,414 - INFO - Starting AUST notice scraping process...
2025-04-19 01:40:28,414 - INFO - Local time: 2025-04-19 01:40:28  (Timezone Offset: UTC+06:00)
2025-04-19 01:40:29,441 - INFO - New content detected, will process notices
2025-04-19 01:40:29,441 - INFO - Fetching notices from https://aust.edu/notice
2025-04-19 01:40:30,473 - INFO - Successfully fetched page. Status code: 200
2025-04-19 01:40:30,473 - INFO - Parsing HTML content using lxml...
2025-04-19 01:40:30,510 - INFO - Looking for notice elements using selector: 'div.card-info'
2025-04-19 01:40:30,515 - INFO - Found 36 potential notice elements.
2025-04-19 01:40:30,517 - INFO -   Assembled date string: 'Apr 12 2025' for title 'Notice regarding examination of 13 April 2025'
2025-04-19 01:40:30,519 - INFO -     Successfully parsed date: 2025-04-11 18:00:00+00:00
2025-04-19 01:40:30,519 - INFO -   -> Found notice: Title='Notice regarding examination of 13 April 2025', Link='https://aust.edu/notice/2816', Date='2025-04-11 18:00:00+00:00', GUID='https://aust.edu/notice/2816'
2025-04-19 01:40:30,520 - INFO -   Assembled date string: 'Apr 10 2025' for title 'Notification (Participation of guests in convocation ceremon...'
2025-04-19 01:40:30,520 - INFO -     Successfully parsed date: 2025-04-09 18:00:00+00:00
2025-04-19 01:40:30,520 - INFO -   -> Found notice: Title='Notification (Participation of guests in convocation ceremon...', Link='https://aust.edu/notice/2815', Date='2025-04-09 18:00:00+00:00', GUID='https://aust.edu/notice/2815'
2025-04-19 01:40:30,521 - INFO -   Assembled date string: 'Apr 10 2025' for title 'Notification (Original Certificates)'
2025-04-19 01:40:30,521 - INFO -     Successfully parsed date: 2025-04-09 18:00:00+00:00
2025-04-19 01:40:30,521 - INFO -   -> Found notice: Title='Notification (Original Certificates)', Link='https://aust.edu/notice/2814', Date='2025-04-09 18:00:00+00:00', GUID='https://aust.edu/notice/2814'
2025-04-19 01:40:30,522 - INFO -   Assembled date string: 'Apr 09 2025' for title 'Notice (Benglai New Year's Day)'
2025-04-19 01:40:30,522 - INFO -     Successfully parsed date: 2025-04-08 18:00:00+00:00
2025-04-19 01:40:30,522 - INFO -   -> Found notice: Title='Notice (Benglai New Year's Day)', Link='https://aust.edu/notice/2813', Date='2025-04-08 18:00:00+00:00', GUID='https://aust.edu/notice/2813'
2025-04-19 01:40:30,523 - INFO -   Assembled date string: 'Apr 08 2025' for title 'Sitting Arrangement of the semester final exam of Spring 202...'
2025-04-19 01:40:30,523 - INFO -     Successfully parsed date: 2025-04-07 18:00:00+00:00
2025-04-19 01:40:30,523 - INFO -   -> Found notice: Title='Sitting Arrangement of the semester final exam of Spring 202...', Link='https://aust.edu/notice/2812', Date='2025-04-07 18:00:00+00:00', GUID='https://aust.edu/notice/2812'
2025-04-19 01:40:30,523 - INFO -   Assembled date string: 'Apr 07 2025' for title 'Revised Routine for Semester Final Examination (MBA/EMBA): S...'
2025-04-19 01:40:30,524 - INFO -     Successfully parsed date: 2025-04-06 18:00:00+00:00
2025-04-19 01:40:30,524 - INFO -   -> Found notice: Title='Revised Routine for Semester Final Examination (MBA/EMBA): S...', Link='https://aust.edu/notice/2811', Date='2025-04-06 18:00:00+00:00', GUID='https://aust.edu/notice/2811'
2025-04-19 01:40:30,524 - INFO -   Assembled date string: 'Apr 07 2025' for title 'NOTICE  (Rescheduling of Semester Final Exam dates)'
2025-04-19 01:40:30,525 - INFO -     Successfully parsed date: 2025-04-06 18:00:00+00:00
2025-04-19 01:40:30,525 - INFO -   -> Found notice: Title='NOTICE  (Rescheduling of Semester Final Exam dates)', Link='https://aust.edu/notice/2810', Date='2025-04-06 18:00:00+00:00', GUID='https://aust.edu/notice/2810'
2025-04-19 01:40:30,525 - INFO -   Assembled date string: 'Apr 06 2025' for title 'OFFICE ORDER - Head (In-charge)'
2025-04-19 01:40:30,526 - INFO -     Successfully parsed date: 2025-04-05 18:00:00+00:00
2025-04-19 01:40:30,526 - INFO -   -> Found notice: Title='OFFICE ORDER - Head (In-charge)', Link='https://aust.edu/notice/2809', Date='2025-04-05 18:00:00+00:00', GUID='https://aust.edu/notice/2809'
2025-04-19 01:40:30,526 - INFO -   Assembled date string: 'Apr 06 2025' for title 'OFFICE ORDER - Dean (In-charge), Faculty of Architecture and...'
2025-04-19 01:40:30,526 - INFO -     Successfully parsed date: 2025-04-05 18:00:00+00:00
2025-04-19 01:40:30,527 - INFO -   -> Found notice: Title='OFFICE ORDER - Dean (In-charge), Faculty of Architecture and...', Link='https://aust.edu/notice/2808', Date='2025-04-05 18:00:00+00:00', GUID='https://aust.edu/notice/2808'
2025-04-19 01:40:30,527 - INFO -   Assembled date string: 'Mar 25 2025' for title 'Graduate Notification: Bachelor of Science in Mechanical Eng...'
2025-04-19 01:40:30,527 - INFO -     Successfully parsed date: 2025-03-24 18:00:00+00:00
2025-04-19 01:40:30,527 - INFO -   -> Found notice: Title='Graduate Notification: Bachelor of Science in Mechanical Eng...', Link='https://aust.edu/notice/2807', Date='2025-03-24 18:00:00+00:00', GUID='https://aust.edu/notice/2807'
2025-04-19 01:40:30,528 - INFO -   Assembled date string: 'Mar 25 2025' for title 'Graduate Notification: Bachelor of Science in Industrial and...'
2025-04-19 01:40:30,528 - INFO -     Successfully parsed date: 2025-03-24 18:00:00+00:00
2025-04-19 01:40:30,528 - INFO -   -> Found notice: Title='Graduate Notification: Bachelor of Science in Industrial and...', Link='https://aust.edu/notice/2806', Date='2025-03-24 18:00:00+00:00', GUID='https://aust.edu/notice/2806'
2025-04-19 01:40:30,529 - INFO -   Assembled date string: 'Mar 24 2025' for title 'Graduate Notification: Bachelor of Business Administration,...'
2025-04-19 01:40:30,529 - INFO -     Successfully parsed date: 2025-03-23 18:00:00+00:00
2025-04-19 01:40:30,529 - INFO -   -> Found notice: Title='Graduate Notification: Bachelor of Business Administration,...', Link='https://aust.edu/notice/2801', Date='2025-03-23 18:00:00+00:00', GUID='https://aust.edu/notice/2801'
2025-04-19 01:40:30,530 - INFO -   Assembled date string: 'Mar 20 2025' for title 'Routine for Semester Final Examination (MBA/EMBA): Spring 20...'
2025-04-19 01:40:30,530 - INFO -     Successfully parsed date: 2025-03-19 18:00:00+00:00
2025-04-19 01:40:30,530 - INFO -   -> Found notice: Title='Routine for Semester Final Examination (MBA/EMBA): Spring 20...', Link='https://aust.edu/notice/2798', Date='2025-03-19 18:00:00+00:00', GUID='https://aust.edu/notice/2798'
2025-04-19 01:40:30,531 - INFO -   Assembled date string: 'Mar 18 2025' for title 'Notification - Tuition Award (Sponsor Organization)'
2025-04-19 01:40:30,531 - INFO -     Successfully parsed date: 2025-03-17 18:00:00+00:00
2025-04-19 01:40:30,531 - INFO -   -> Found notice: Title='Notification - Tuition Award (Sponsor Organization)', Link='https://aust.edu/notice/2785', Date='2025-03-17 18:00:00+00:00', GUID='https://aust.edu/notice/2785'
2025-04-19 01:40:30,532 - INFO -   Assembled date string: 'Mar 13 2025' for title 'Notification - Carry, Improvement Application'
2025-04-19 01:40:30,532 - INFO -     Successfully parsed date: 2025-03-12 18:00:00+00:00
2025-04-19 01:40:30,532 - INFO -   -> Found notice: Title='Notification - Carry, Improvement Application', Link='https://aust.edu/notice/2772', Date='2025-03-12 18:00:00+00:00', GUID='https://aust.edu/notice/2772'
2025-04-19 01:40:30,532 - INFO -   Assembled date string: 'Mar 13 2025' for title 'Notification - Tuition Award (Sibling)'
2025-04-19 01:40:30,533 - INFO -     Successfully parsed date: 2025-03-12 18:00:00+00:00
2025-04-19 01:40:30,533 - INFO -   -> Found notice: Title='Notification - Tuition Award (Sibling)', Link='https://aust.edu/notice/2771', Date='2025-03-12 18:00:00+00:00', GUID='https://aust.edu/notice/2771'
2025-04-19 01:40:30,533 - INFO -   Assembled date string: 'Mar 13 2025' for title 'Notification (Independence and National Day, Shab-e-Quadar,...'
2025-04-19 01:40:30,533 - INFO -     Successfully parsed date: 2025-03-12 18:00:00+00:00
2025-04-19 01:40:30,534 - INFO -   -> Found notice: Title='Notification (Independence and National Day, Shab-e-Quadar,...', Link='https://aust.edu/notice/2770', Date='2025-03-12 18:00:00+00:00', GUID='https://aust.edu/notice/2770'
2025-04-19 01:40:30,534 - INFO -   Assembled date string: 'Mar 11 2025' for title 'Schedule of Semester Final Examinations: Spring 2024'
2025-04-19 01:40:30,534 - INFO -     Successfully parsed date: 2025-03-10 18:00:00+00:00
2025-04-19 01:40:30,534 - INFO -   -> Found notice: Title='Schedule of Semester Final Examinations: Spring 2024', Link='https://aust.edu/notice/2768', Date='2025-03-10 18:00:00+00:00', GUID='https://aust.edu/notice/2768'
2025-04-19 01:40:30,535 - INFO -   Assembled date string: 'Mar 10 2025' for title 'Farewell Ceremony for Outgoing Students of Spring Semester-2...'
2025-04-19 01:40:30,535 - INFO -     Successfully parsed date: 2025-03-09 18:00:00+00:00
2025-04-19 01:40:30,535 - INFO -   -> Found notice: Title='Farewell Ceremony for Outgoing Students of Spring Semester-2...', Link='https://aust.edu/notice/2767', Date='2025-03-09 18:00:00+00:00', GUID='https://aust.edu/notice/2767'
2025-04-19 01:40:30,536 - INFO -   Assembled date string: 'Mar 03 2025' for title 'Graduate Notification: Bachelor of Science in Electrical and...'
2025-04-19 01:40:30,536 - INFO -     Successfully parsed date: 2025-03-02 18:00:00+00:00
2025-04-19 01:40:30,536 - INFO -   -> Found notice: Title='Graduate Notification: Bachelor of Science in Electrical and...', Link='https://aust.edu/notice/2765', Date='2025-03-02 18:00:00+00:00', GUID='https://aust.edu/notice/2765'
2025-04-19 01:40:30,537 - INFO -   Assembled date string: 'Feb 27 2025' for title 'Notification Regarding Office Hours During Holy Ramadan'
2025-04-19 01:40:30,537 - INFO -     Successfully parsed date: 2025-02-26 18:00:00+00:00
2025-04-19 01:40:30,537 - INFO -   -> Found notice: Title='Notification Regarding Office Hours During Holy Ramadan', Link='https://aust.edu/notice/2761', Date='2025-02-26 18:00:00+00:00', GUID='https://aust.edu/notice/2761'
2025-04-19 01:40:30,538 - INFO -   Assembled date string: 'Feb 24 2025' for title 'Notification - Tuition Award (Sibling/Spouse)'
2025-04-19 01:40:30,538 - INFO -     Successfully parsed date: 2025-02-23 18:00:00+00:00
2025-04-19 01:40:30,538 - INFO -   -> Found notice: Title='Notification - Tuition Award (Sibling/Spouse)', Link='https://aust.edu/notice/2760', Date='2025-02-23 18:00:00+00:00', GUID='https://aust.edu/notice/2760'
2025-04-19 01:40:30,539 - INFO -   Assembled date string: 'Feb 23 2025' for title 'Research Assistant Reqired for Project ID: AIRG/2024/A&S/06/...'
2025-04-19 01:40:30,539 - INFO -     Successfully parsed date: 2025-02-22 18:00:00+00:00
2025-04-19 01:40:30,539 - INFO -   -> Found notice: Title='Research Assistant Reqired for Project ID: AIRG/2024/A&S/06/...', Link='https://aust.edu/notice/2759', Date='2025-02-22 18:00:00+00:00', GUID='https://aust.edu/notice/2759'
2025-04-19 01:40:30,540 - INFO -   Assembled date string: 'Feb 19 2025' for title 'Graduate Notification: Master of Business Administration, Fa...'
2025-04-19 01:40:30,540 - INFO -     Successfully parsed date: 2025-02-18 18:00:00+00:00
2025-04-19 01:40:30,540 - INFO -   -> Found notice: Title='Graduate Notification: Master of Business Administration, Fa...', Link='https://aust.edu/notice/2754', Date='2025-02-18 18:00:00+00:00', GUID='https://aust.edu/notice/2754'
2025-04-19 01:40:30,540 - INFO -   Assembled date string: 'Feb 19 2025' for title 'Graduate Notification: Master of Business Administration (Ex...'
2025-04-19 01:40:30,541 - INFO -     Successfully parsed date: 2025-02-18 18:00:00+00:00
2025-04-19 01:40:30,541 - INFO -   -> Found notice: Title='Graduate Notification: Master of Business Administration (Ex...', Link='https://aust.edu/notice/2753', Date='2025-02-18 18:00:00+00:00', GUID='https://aust.edu/notice/2753'
2025-04-19 01:40:30,541 - INFO -   Assembled date string: 'Feb 19 2025' for title 'Notification - Martyr Day & International Mother Language Da...'
2025-04-19 01:40:30,542 - INFO -     Successfully parsed date: 2025-02-18 18:00:00+00:00
2025-04-19 01:40:30,542 - INFO -   -> Found notice: Title='Notification - Martyr Day & International Mother Language Da...', Link='https://aust.edu/notice/2752', Date='2025-02-18 18:00:00+00:00', GUID='https://aust.edu/notice/2752'
2025-04-19 01:40:30,542 - INFO -   Assembled date string: 'Feb 18 2025' for title 'বিজ্ঞপ্তি - শহীদ দিবস ও আন্তর্জাতিক মাতৃভাষা দিবস - ২০২৫'
2025-04-19 01:40:30,542 - INFO -     Successfully parsed date: 2025-02-17 18:00:00+00:00
2025-04-19 01:40:30,543 - INFO -   -> Found notice: Title='বিজ্ঞপ্তি - শহীদ দিবস ও আন্তর্জাতিক মাতৃভাষা দিবস - ২০২৫', Link='https://aust.edu/notice/2751', Date='2025-02-17 18:00:00+00:00', GUID='https://aust.edu/notice/2751'
2025-04-19 01:40:30,543 - INFO -   Assembled date string: 'Feb 16 2025' for title 'Office Order - Tuition Award (RA Quota)'
2025-04-19 01:40:30,543 - INFO -     Successfully parsed date: 2025-02-15 18:00:00+00:00
2025-04-19 01:40:30,543 - INFO -   -> Found notice: Title='Office Order - Tuition Award (RA Quota)', Link='https://aust.edu/notice/2749', Date='2025-02-15 18:00:00+00:00', GUID='https://aust.edu/notice/2749'
2025-04-19 01:40:30,544 - INFO -   Assembled date string: 'Feb 16 2025' for title 'Office Order - Tuition Award (FF Quota)'
2025-04-19 01:40:30,544 - INFO -     Successfully parsed date: 2025-02-15 18:00:00+00:00
2025-04-19 01:40:30,544 - INFO -   -> Found notice: Title='Office Order - Tuition Award (FF Quota)', Link='https://aust.edu/notice/2746', Date='2025-02-15 18:00:00+00:00', GUID='https://aust.edu/notice/2746'
2025-04-19 01:40:30,545 - INFO -   Assembled date string: 'Feb 13 2025' for title 'Graduate Notification: Bachelor of Science in Electrical and...'
2025-04-19 01:40:30,545 - INFO -     Successfully parsed date: 2025-02-12 18:00:00+00:00
2025-04-19 01:40:30,545 - INFO -   -> Found notice: Title='Graduate Notification: Bachelor of Science in Electrical and...', Link='https://aust.edu/notice/2750', Date='2025-02-12 18:00:00+00:00', GUID='https://aust.edu/notice/2750'
2025-04-19 01:40:30,546 - INFO -   Assembled date string: 'Feb 13 2025' for title 'Graduate Notification: Master of Science in Mathematics, Fal...'
2025-04-19 01:40:30,546 - INFO -     Successfully parsed date: 2025-02-12 18:00:00+00:00
2025-04-19 01:40:30,546 - INFO -   -> Found notice: Title='Graduate Notification: Master of Science in Mathematics, Fal...', Link='https://aust.edu/notice/2743', Date='2025-02-12 18:00:00+00:00', GUID='https://aust.edu/notice/2743'
2025-04-19 01:40:30,547 - INFO -   Assembled date string: 'Feb 13 2025' for title 'Graduate Notification: Bachelor of Science in Electrical and...'
2025-04-19 01:40:30,547 - INFO -     Successfully parsed date: 2025-02-12 18:00:00+00:00
2025-04-19 01:40:30,547 - INFO -   -> Found notice: Title='Graduate Notification: Bachelor of Science in Electrical and...', Link='https://aust.edu/notice/2742', Date='2025-02-12 18:00:00+00:00', GUID='https://aust.edu/notice/2742'
2025-04-19 01:40:30,548 - INFO -   Assembled date string: 'Feb 11 2025' for title 'Academic Calendar - Spring 2024 (Revised)'
2025-04-19 01:40:30,548 - INFO -     Successfully parsed date: 2025-02-10 18:00:00+00:00
2025-04-19 01:40:30,548 - INFO -   -> Found notice: Title='Academic Calendar - Spring 2024 (Revised)', Link='https://aust.edu/notice/2741', Date='2025-02-10 18:00:00+00:00', GUID='https://aust.edu/notice/2741'
2025-04-19 01:40:30,548 - INFO -   Assembled date string: 'Feb 11 2025' for title 'Graduate Notification: Bachelor of Science in Industrial and...'
2025-04-19 01:40:30,549 - INFO -     Successfully parsed date: 2025-02-10 18:00:00+00:00
2025-04-19 01:40:30,549 - INFO -   -> Found notice: Title='Graduate Notification: Bachelor of Science in Industrial and...', Link='https://aust.edu/notice/2740', Date='2025-02-10 18:00:00+00:00', GUID='https://aust.edu/notice/2740'
2025-04-19 01:40:30,549 - INFO -   Assembled date string: 'Feb 11 2025' for title 'Graduate Notification: Bachelor of Science in Civil Engineer...'
2025-04-19 01:40:30,550 - INFO -     Successfully parsed date: 2025-02-10 18:00:00+00:00
2025-04-19 01:40:30,550 - INFO -   -> Found notice: Title='Graduate Notification: Bachelor of Science in Civil Engineer...', Link='https://aust.edu/notice/2739', Date='2025-02-10 18:00:00+00:00', GUID='https://aust.edu/notice/2739'
2025-04-19 01:40:30,551 - INFO -   Assembled date string: 'Feb 11 2025' for title 'Graduate Notification: Master of Science in Mathematics, Fal...'
2025-04-19 01:40:30,551 - INFO -     Successfully parsed date: 2025-02-10 18:00:00+00:00
2025-04-19 01:40:30,551 - INFO -   -> Found notice: Title='Graduate Notification: Master of Science in Mathematics, Fal...', Link='https://aust.edu/notice/2738', Date='2025-02-10 18:00:00+00:00', GUID='https://aust.edu/notice/2738'
2025-04-19 01:40:30,551 - INFO - Finished parsing. Extracted 36 valid notices.
2025-04-19 01:40:30,551 - INFO - Loading existing GUIDs from feed.xml...
2025-04-19 01:40:30,552 - INFO - Loaded 36 existing GUIDs.
2025-04-19 01:40:30,552 - INFO - Generating new RSS feed...
2025-04-19 01:40:30,552 - INFO - Adding 0 new item(s) based on GUID comparison.
2025-04-19 01:40:30,553 - INFO - Loading max 50 old items from existing feed...
2025-04-19 01:40:30,555 - INFO - Added 36 old items.
2025-04-19 01:40:30,556 - INFO - Sorting 36 combined items by publication date (newest first)...
2025-04-19 01:40:30,556 - INFO - Added 36 total items to the feed XML.
2025-04-19 01:40:30,566 - INFO - RSS feed successfully generated and saved to feed.xml
2025-04-19 01:40:30,566 - INFO - Process finished. Duration: 0:00:02.152676
